CRITICAL - 2024-12-04 21:12:07 --> Error: Class "Locale" not found
[Method: GET, Route: /]
in SYSTEMPATH/CodeIgniter.php on line 190.
 1 SYSTEMPATH/Boot.php(312): CodeIgniter\CodeIgniter->initialize()
 2 SYSTEMPATH/Boot.php(101): CodeIgniter\Boot::initializeCodeIgniter()
 3 ROOTPATH/spark(84): CodeIgniter\Boot::bootSpark()
CRITICAL - 2024-12-04 21:12:07 --> ErrorException: Uncaught Error: Class "Locale" not found in /home/dourado/Documentos/apagarQuandopuder/Meu git hub/para upar no meu git/KAYROS-TECH-MVC/vendor/codeigniter4/framework/system/I18n/TimeTrait.php:76
Stack trace:
#0 /home/dourado/Documentos/apagarQuandopuder/Meu git hub/para upar no meu git/KAYROS-TECH-MVC/vendor/codeigniter4/framework/system/I18n/TimeTrait.php(117): CodeIgniter\I18n\Time->__construct()
#1 /home/dourado/Documentos/apagarQuandopuder/Meu git hub/para upar no meu git/KAYROS-TECH-MVC/vendor/codeigniter4/framework/system/HTTP/ResponseTrait.php(395): CodeIgniter\I18n\Time::now()
#2 /home/dourado/Documentos/apagarQuandopuder/Meu git hub/para upar no meu git/KAYROS-TECH-MVC/vendor/codeigniter4/framework/system/HTTP/ResponseTrait.php(373): CodeIgniter\HTTP\Response->sendHeaders()
#3 /home/dourado/Documentos/apagarQuandopuder/Meu git hub/para upar no meu git/KAYROS-TECH-MVC/vendor/codeigniter4/framework/system/Debug/ExceptionHandler.php(83): CodeIgniter\HTTP\Response->send()
#4 /home/dourado/Documentos/apagarQuandopuder/Meu git hub/para upar no meu git/KAYROS-TECH-MVC/vendor/codeigniter4/framework/system/Debug/Exceptions.php(163): CodeIgniter\Debug\ExceptionHandler->handle()
#5 [internal function]: CodeIgniter\Debug\Exceptions->exceptionHandler()
#6 {main}
  thrown
【Previous Exception】
Error
Class "Locale" not found
#0 /home/dourado/Documentos/apagarQuandopuder/Meu git hub/para upar no meu git/KAYROS-TECH-MVC/vendor/codeigniter4/framework/system/Boot.php(312): CodeIgniter\CodeIgniter->initialize()
#1 /home/dourado/Documentos/apagarQuandopuder/Meu git hub/para upar no meu git/KAYROS-TECH-MVC/vendor/codeigniter4/framework/system/Boot.php(101): CodeIgniter\Boot::initializeCodeIgniter()
#2 /home/dourado/Documentos/apagarQuandopuder/Meu git hub/para upar no meu git/KAYROS-TECH-MVC/spark(84): CodeIgniter\Boot::bootSpark()
#3 {main}
[Method: GET, Route: /]
in SYSTEMPATH/I18n/TimeTrait.php on line 76.
 1 [internal function]: CodeIgniter\Debug\Exceptions->shutdownHandler()
CRITICAL - 2024-12-04 21:23:34 --> Error: Class "Locale" not found
[Method: GET, Route: /]
in SYSTEMPATH/CodeIgniter.php on line 190.
 1 SYSTEMPATH/Boot.php(312): CodeIgniter\CodeIgniter->initialize()
 2 SYSTEMPATH/Boot.php(101): CodeIgniter\Boot::initializeCodeIgniter()
 3 ROOTPATH/spark(84): CodeIgniter\Boot::bootSpark()
CRITICAL - 2024-12-04 21:23:34 --> ErrorException: Uncaught Error: Class "Locale" not found in /home/dourado/Documentos/apagarQuandopuder/Meu git hub/para upar no meu git/KAYROS-TECH-MVC/vendor/codeigniter4/framework/system/I18n/TimeTrait.php:76
Stack trace:
#0 /home/dourado/Documentos/apagarQuandopuder/Meu git hub/para upar no meu git/KAYROS-TECH-MVC/vendor/codeigniter4/framework/system/I18n/TimeTrait.php(117): CodeIgniter\I18n\Time->__construct()
#1 /home/dourado/Documentos/apagarQuandopuder/Meu git hub/para upar no meu git/KAYROS-TECH-MVC/vendor/codeigniter4/framework/system/HTTP/ResponseTrait.php(395): CodeIgniter\I18n\Time::now()
#2 /home/dourado/Documentos/apagarQuandopuder/Meu git hub/para upar no meu git/KAYROS-TECH-MVC/vendor/codeigniter4/framework/system/HTTP/ResponseTrait.php(373): CodeIgniter\HTTP\Response->sendHeaders()
#3 /home/dourado/Documentos/apagarQuandopuder/Meu git hub/para upar no meu git/KAYROS-TECH-MVC/vendor/codeigniter4/framework/system/Debug/ExceptionHandler.php(83): CodeIgniter\HTTP\Response->send()
#4 /home/dourado/Documentos/apagarQuandopuder/Meu git hub/para upar no meu git/KAYROS-TECH-MVC/vendor/codeigniter4/framework/system/Debug/Exceptions.php(163): CodeIgniter\Debug\ExceptionHandler->handle()
#5 [internal function]: CodeIgniter\Debug\Exceptions->exceptionHandler()
#6 {main}
  thrown
【Previous Exception】
Error
Class "Locale" not found
#0 /home/dourado/Documentos/apagarQuandopuder/Meu git hub/para upar no meu git/KAYROS-TECH-MVC/vendor/codeigniter4/framework/system/Boot.php(312): CodeIgniter\CodeIgniter->initialize()
#1 /home/dourado/Documentos/apagarQuandopuder/Meu git hub/para upar no meu git/KAYROS-TECH-MVC/vendor/codeigniter4/framework/system/Boot.php(101): CodeIgniter\Boot::initializeCodeIgniter()
#2 /home/dourado/Documentos/apagarQuandopuder/Meu git hub/para upar no meu git/KAYROS-TECH-MVC/spark(84): CodeIgniter\Boot::bootSpark()
#3 {main}
[Method: GET, Route: /]
in SYSTEMPATH/I18n/TimeTrait.php on line 76.
 1 [internal function]: CodeIgniter\Debug\Exceptions->shutdownHandler()
INFO - 2024-12-04 21:39:10 --> Session: Class initialized using 'CodeIgniter\Session\Handlers\FileHandler' driver.
INFO - 2024-12-04 21:39:31 --> Session: Class initialized using 'CodeIgniter\Session\Handlers\FileHandler' driver.
INFO - 2024-12-04 21:40:47 --> Session: Class initialized using 'CodeIgniter\Session\Handlers\FileHandler' driver.
INFO - 2024-12-04 21:42:22 --> Session: Class initialized using 'CodeIgniter\Session\Handlers\FileHandler' driver.
INFO - 2024-12-04 21:42:31 --> Session: Class initialized using 'CodeIgniter\Session\Handlers\FileHandler' driver.
INFO - 2024-12-04 21:42:31 --> Session: Class initialized using 'CodeIgniter\Session\Handlers\FileHandler' driver.
INFO - 2024-12-04 21:42:40 --> Session: Class initialized using 'CodeIgniter\Session\Handlers\FileHandler' driver.
INFO - 2024-12-04 21:42:46 --> Session: Class initialized using 'CodeIgniter\Session\Handlers\FileHandler' driver.
INFO - 2024-12-04 21:42:46 --> Session: Class initialized using 'CodeIgniter\Session\Handlers\FileHandler' driver.
INFO - 2024-12-04 22:02:40 --> Session: Class initialized using 'CodeIgniter\Session\Handlers\FileHandler' driver.
INFO - 2024-12-04 22:03:23 --> Session: Class initialized using 'CodeIgniter\Session\Handlers\FileHandler' driver.
INFO - 2024-12-04 22:03:33 --> Session: Class initialized using 'CodeIgniter\Session\Handlers\FileHandler' driver.
INFO - 2024-12-04 22:11:40 --> Session: Class initialized using 'CodeIgniter\Session\Handlers\FileHandler' driver.
INFO - 2024-12-04 22:12:02 --> Session: Class initialized using 'CodeIgniter\Session\Handlers\FileHandler' driver.
INFO - 2024-12-04 22:13:08 --> Session: Class initialized using 'CodeIgniter\Session\Handlers\FileHandler' driver.
INFO - 2024-12-04 22:13:08 --> Session: Class initialized using 'CodeIgniter\Session\Handlers\FileHandler' driver.
INFO - 2024-12-04 22:20:43 --> Session: Class initialized using 'CodeIgniter\Session\Handlers\FileHandler' driver.
INFO - 2024-12-04 22:21:09 --> Session: Class initialized using 'CodeIgniter\Session\Handlers\FileHandler' driver.
INFO - 2024-12-04 22:21:13 --> Session: Class initialized using 'CodeIgniter\Session\Handlers\FileHandler' driver.
INFO - 2024-12-04 22:22:08 --> Session: Class initialized using 'CodeIgniter\Session\Handlers\FileHandler' driver.
INFO - 2024-12-04 22:22:13 --> Session: Class initialized using 'CodeIgniter\Session\Handlers\FileHandler' driver.
INFO - 2024-12-04 22:22:13 --> Session: Class initialized using 'CodeIgniter\Session\Handlers\FileHandler' driver.
INFO - 2024-12-04 22:22:43 --> Session: Class initialized using 'CodeIgniter\Session\Handlers\FileHandler' driver.
INFO - 2024-12-04 22:22:48 --> Session: Class initialized using 'CodeIgniter\Session\Handlers\FileHandler' driver.
INFO - 2024-12-04 22:22:48 --> Session: Class initialized using 'CodeIgniter\Session\Handlers\FileHandler' driver.
INFO - 2024-12-04 22:22:51 --> Session: Class initialized using 'CodeIgniter\Session\Handlers\FileHandler' driver.
INFO - 2024-12-04 22:22:51 --> Session: Class initialized using 'CodeIgniter\Session\Handlers\FileHandler' driver.
INFO - 2024-12-04 22:25:05 --> Session: Class initialized using 'CodeIgniter\Session\Handlers\FileHandler' driver.
INFO - 2024-12-04 22:25:09 --> Session: Class initialized using 'CodeIgniter\Session\Handlers\FileHandler' driver.
INFO - 2024-12-04 22:25:09 --> Session: Class initialized using 'CodeIgniter\Session\Handlers\FileHandler' driver.
INFO - 2024-12-04 22:25:31 --> Session: Class initialized using 'CodeIgniter\Session\Handlers\FileHandler' driver.
INFO - 2024-12-04 22:25:31 --> Session: Class initialized using 'CodeIgniter\Session\Handlers\FileHandler' driver.
INFO - 2024-12-04 22:25:40 --> Session: Class initialized using 'CodeIgniter\Session\Handlers\FileHandler' driver.
INFO - 2024-12-04 22:25:40 --> Session: Class initialized using 'CodeIgniter\Session\Handlers\FileHandler' driver.
INFO - 2024-12-04 22:25:56 --> Session: Class initialized using 'CodeIgniter\Session\Handlers\FileHandler' driver.
INFO - 2024-12-04 22:25:56 --> Session: Class initialized using 'CodeIgniter\Session\Handlers\FileHandler' driver.
INFO - 2024-12-04 22:26:08 --> Session: Class initialized using 'CodeIgniter\Session\Handlers\FileHandler' driver.
INFO - 2024-12-04 22:26:08 --> Session: Class initialized using 'CodeIgniter\Session\Handlers\FileHandler' driver.
INFO - 2024-12-04 23:33:25 --> Session: Class initialized using 'CodeIgniter\Session\Handlers\FileHandler' driver.
INFO - 2024-12-04 23:33:40 --> Session: Class initialized using 'CodeIgniter\Session\Handlers\FileHandler' driver.
INFO - 2024-12-04 23:34:17 --> Session: Class initialized using 'CodeIgniter\Session\Handlers\FileHandler' driver.
INFO - 2024-12-04 23:34:30 --> Session: Class initialized using 'CodeIgniter\Session\Handlers\FileHandler' driver.
INFO - 2024-12-04 23:34:52 --> Session: Class initialized using 'CodeIgniter\Session\Handlers\FileHandler' driver.
ERROR - 2024-12-04 23:34:52 --> mysqli_sql_exception: Table 'mvc_crud.CTO_Clear' doesn't exist in /srv/http/KAYROS-TECH-MVC/vendor/codeigniter4/framework/system/Database/MySQLi/Connection.php:312
Stack trace:
#0 /srv/http/KAYROS-TECH-MVC/vendor/codeigniter4/framework/system/Database/MySQLi/Connection.php(312): mysqli->query()
#1 /srv/http/KAYROS-TECH-MVC/vendor/codeigniter4/framework/system/Database/BaseConnection.php(734): CodeIgniter\Database\MySQLi\Connection->execute()
#2 /srv/http/KAYROS-TECH-MVC/vendor/codeigniter4/framework/system/Database/BaseConnection.php(648): CodeIgniter\Database\BaseConnection->simpleQuery()
#3 /srv/http/KAYROS-TECH-MVC/vendor/codeigniter4/framework/system/Database/BaseBuilder.php(1728): CodeIgniter\Database\BaseConnection->query()
#4 /srv/http/KAYROS-TECH-MVC/vendor/codeigniter4/framework/system/Model.php(678): CodeIgniter\Database\BaseBuilder->countAllResults()
#5 /srv/http/KAYROS-TECH-MVC/vendor/codeigniter4/framework/system/BaseModel.php(1284): CodeIgniter\Model->countAllResults()
#6 /srv/http/KAYROS-TECH-MVC/app/Controllers/CtoClearController.php(28): CodeIgniter\BaseModel->paginate()
#7 /srv/http/KAYROS-TECH-MVC/vendor/codeigniter4/framework/system/CodeIgniter.php(933): App\Controllers\CtoClearController->index()
#8 /srv/http/KAYROS-TECH-MVC/vendor/codeigniter4/framework/system/CodeIgniter.php(509): CodeIgniter\CodeIgniter->runController()
#9 /srv/http/KAYROS-TECH-MVC/vendor/codeigniter4/framework/system/CodeIgniter.php(355): CodeIgniter\CodeIgniter->handleRequest()
#10 /srv/http/KAYROS-TECH-MVC/vendor/codeigniter4/framework/system/Boot.php(325): CodeIgniter\CodeIgniter->run()
#11 /srv/http/KAYROS-TECH-MVC/vendor/codeigniter4/framework/system/Boot.php(67): CodeIgniter\Boot::runCodeIgniter()
#12 /srv/http/KAYROS-TECH-MVC/public/index.php(56): CodeIgniter\Boot::bootWeb()
#13 {main}
CRITICAL - 2024-12-04 23:34:52 --> CodeIgniter\Database\Exceptions\DatabaseException: Table 'mvc_crud.CTO_Clear' doesn't exist
[Method: GET, Route: cto_clear]
in SYSTEMPATH/Database/BaseConnection.php on line 688.
 1 SYSTEMPATH/Database/BaseBuilder.php(1728): CodeIgniter\Database\BaseConnection->query()
 2 SYSTEMPATH/Model.php(678): CodeIgniter\Database\BaseBuilder->countAllResults()
 3 SYSTEMPATH/BaseModel.php(1284): CodeIgniter\Model->countAllResults()
 4 APPPATH/Controllers/CtoClearController.php(28): CodeIgniter\BaseModel->paginate()
 5 SYSTEMPATH/CodeIgniter.php(933): App\Controllers\CtoClearController->index()
 6 SYSTEMPATH/CodeIgniter.php(509): CodeIgniter\CodeIgniter->runController()
 7 SYSTEMPATH/CodeIgniter.php(355): CodeIgniter\CodeIgniter->handleRequest()
 8 SYSTEMPATH/Boot.php(325): CodeIgniter\CodeIgniter->run()
 9 SYSTEMPATH/Boot.php(67): CodeIgniter\Boot::runCodeIgniter()
10 FCPATH/index.php(56): CodeIgniter\Boot::bootWeb()
CRITICAL - 2024-12-04 23:34:52 --> [Caused by] CodeIgniter\Database\Exceptions\DatabaseException: Table 'mvc_crud.CTO_Clear' doesn't exist
in SYSTEMPATH/Database/MySQLi/Connection.php on line 317.
 1 SYSTEMPATH/Database/BaseConnection.php(734): CodeIgniter\Database\MySQLi\Connection->execute()
 2 SYSTEMPATH/Database/BaseConnection.php(648): CodeIgniter\Database\BaseConnection->simpleQuery()
 3 SYSTEMPATH/Database/BaseBuilder.php(1728): CodeIgniter\Database\BaseConnection->query()
 4 SYSTEMPATH/Model.php(678): CodeIgniter\Database\BaseBuilder->countAllResults()
 5 SYSTEMPATH/BaseModel.php(1284): CodeIgniter\Model->countAllResults()
 6 APPPATH/Controllers/CtoClearController.php(28): CodeIgniter\BaseModel->paginate()
 7 SYSTEMPATH/CodeIgniter.php(933): App\Controllers\CtoClearController->index()
 8 SYSTEMPATH/CodeIgniter.php(509): CodeIgniter\CodeIgniter->runController()
 9 SYSTEMPATH/CodeIgniter.php(355): CodeIgniter\CodeIgniter->handleRequest()
10 SYSTEMPATH/Boot.php(325): CodeIgniter\CodeIgniter->run()
11 SYSTEMPATH/Boot.php(67): CodeIgniter\Boot::runCodeIgniter()
12 FCPATH/index.php(56): CodeIgniter\Boot::bootWeb()
CRITICAL - 2024-12-04 23:34:52 --> [Caused by] mysqli_sql_exception: Table 'mvc_crud.CTO_Clear' doesn't exist
in SYSTEMPATH/Database/MySQLi/Connection.php on line 312.
 1 SYSTEMPATH/Database/MySQLi/Connection.php(312): mysqli->query()
 2 SYSTEMPATH/Database/BaseConnection.php(734): CodeIgniter\Database\MySQLi\Connection->execute()
 3 SYSTEMPATH/Database/BaseConnection.php(648): CodeIgniter\Database\BaseConnection->simpleQuery()
 4 SYSTEMPATH/Database/BaseBuilder.php(1728): CodeIgniter\Database\BaseConnection->query()
 5 SYSTEMPATH/Model.php(678): CodeIgniter\Database\BaseBuilder->countAllResults()
 6 SYSTEMPATH/BaseModel.php(1284): CodeIgniter\Model->countAllResults()
 7 APPPATH/Controllers/CtoClearController.php(28): CodeIgniter\BaseModel->paginate()
 8 SYSTEMPATH/CodeIgniter.php(933): App\Controllers\CtoClearController->index()
 9 SYSTEMPATH/CodeIgniter.php(509): CodeIgniter\CodeIgniter->runController()
10 SYSTEMPATH/CodeIgniter.php(355): CodeIgniter\CodeIgniter->handleRequest()
11 SYSTEMPATH/Boot.php(325): CodeIgniter\CodeIgniter->run()
12 SYSTEMPATH/Boot.php(67): CodeIgniter\Boot::runCodeIgniter()
13 FCPATH/index.php(56): CodeIgniter\Boot::bootWeb()
INFO - 2024-12-04 23:34:58 --> Session: Class initialized using 'CodeIgniter\Session\Handlers\FileHandler' driver.
INFO - 2024-12-04 23:35:05 --> Session: Class initialized using 'CodeIgniter\Session\Handlers\FileHandler' driver.
INFO - 2024-12-04 23:35:05 --> Session: Class initialized using 'CodeIgniter\Session\Handlers\FileHandler' driver.
INFO - 2024-12-04 23:35:09 --> Session: Class initialized using 'CodeIgniter\Session\Handlers\FileHandler' driver.
ERROR - 2024-12-04 23:35:09 --> mysqli_sql_exception: Table 'mvc_crud.CTO_Clear' doesn't exist in /srv/http/KAYROS-TECH-MVC/vendor/codeigniter4/framework/system/Database/MySQLi/Connection.php:312
Stack trace:
#0 /srv/http/KAYROS-TECH-MVC/vendor/codeigniter4/framework/system/Database/MySQLi/Connection.php(312): mysqli->query()
#1 /srv/http/KAYROS-TECH-MVC/vendor/codeigniter4/framework/system/Database/BaseConnection.php(734): CodeIgniter\Database\MySQLi\Connection->execute()
#2 /srv/http/KAYROS-TECH-MVC/vendor/codeigniter4/framework/system/Database/BaseConnection.php(648): CodeIgniter\Database\BaseConnection->simpleQuery()
#3 /srv/http/KAYROS-TECH-MVC/vendor/codeigniter4/framework/system/Database/BaseBuilder.php(1728): CodeIgniter\Database\BaseConnection->query()
#4 /srv/http/KAYROS-TECH-MVC/vendor/codeigniter4/framework/system/Model.php(678): CodeIgniter\Database\BaseBuilder->countAllResults()
#5 /srv/http/KAYROS-TECH-MVC/vendor/codeigniter4/framework/system/BaseModel.php(1284): CodeIgniter\Model->countAllResults()
#6 /srv/http/KAYROS-TECH-MVC/app/Controllers/CtoClearController.php(28): CodeIgniter\BaseModel->paginate()
#7 /srv/http/KAYROS-TECH-MVC/vendor/codeigniter4/framework/system/CodeIgniter.php(933): App\Controllers\CtoClearController->index()
#8 /srv/http/KAYROS-TECH-MVC/vendor/codeigniter4/framework/system/CodeIgniter.php(509): CodeIgniter\CodeIgniter->runController()
#9 /srv/http/KAYROS-TECH-MVC/vendor/codeigniter4/framework/system/CodeIgniter.php(355): CodeIgniter\CodeIgniter->handleRequest()
#10 /srv/http/KAYROS-TECH-MVC/vendor/codeigniter4/framework/system/Boot.php(325): CodeIgniter\CodeIgniter->run()
#11 /srv/http/KAYROS-TECH-MVC/vendor/codeigniter4/framework/system/Boot.php(67): CodeIgniter\Boot::runCodeIgniter()
#12 /srv/http/KAYROS-TECH-MVC/public/index.php(56): CodeIgniter\Boot::bootWeb()
#13 {main}
CRITICAL - 2024-12-04 23:35:09 --> CodeIgniter\Database\Exceptions\DatabaseException: Table 'mvc_crud.CTO_Clear' doesn't exist
[Method: GET, Route: cto_clear]
in SYSTEMPATH/Database/BaseConnection.php on line 688.
 1 SYSTEMPATH/Database/BaseBuilder.php(1728): CodeIgniter\Database\BaseConnection->query()
 2 SYSTEMPATH/Model.php(678): CodeIgniter\Database\BaseBuilder->countAllResults()
 3 SYSTEMPATH/BaseModel.php(1284): CodeIgniter\Model->countAllResults()
 4 APPPATH/Controllers/CtoClearController.php(28): CodeIgniter\BaseModel->paginate()
 5 SYSTEMPATH/CodeIgniter.php(933): App\Controllers\CtoClearController->index()
 6 SYSTEMPATH/CodeIgniter.php(509): CodeIgniter\CodeIgniter->runController()
 7 SYSTEMPATH/CodeIgniter.php(355): CodeIgniter\CodeIgniter->handleRequest()
 8 SYSTEMPATH/Boot.php(325): CodeIgniter\CodeIgniter->run()
 9 SYSTEMPATH/Boot.php(67): CodeIgniter\Boot::runCodeIgniter()
10 FCPATH/index.php(56): CodeIgniter\Boot::bootWeb()
CRITICAL - 2024-12-04 23:35:09 --> [Caused by] CodeIgniter\Database\Exceptions\DatabaseException: Table 'mvc_crud.CTO_Clear' doesn't exist
in SYSTEMPATH/Database/MySQLi/Connection.php on line 317.
 1 SYSTEMPATH/Database/BaseConnection.php(734): CodeIgniter\Database\MySQLi\Connection->execute()
 2 SYSTEMPATH/Database/BaseConnection.php(648): CodeIgniter\Database\BaseConnection->simpleQuery()
 3 SYSTEMPATH/Database/BaseBuilder.php(1728): CodeIgniter\Database\BaseConnection->query()
 4 SYSTEMPATH/Model.php(678): CodeIgniter\Database\BaseBuilder->countAllResults()
 5 SYSTEMPATH/BaseModel.php(1284): CodeIgniter\Model->countAllResults()
 6 APPPATH/Controllers/CtoClearController.php(28): CodeIgniter\BaseModel->paginate()
 7 SYSTEMPATH/CodeIgniter.php(933): App\Controllers\CtoClearController->index()
 8 SYSTEMPATH/CodeIgniter.php(509): CodeIgniter\CodeIgniter->runController()
 9 SYSTEMPATH/CodeIgniter.php(355): CodeIgniter\CodeIgniter->handleRequest()
10 SYSTEMPATH/Boot.php(325): CodeIgniter\CodeIgniter->run()
11 SYSTEMPATH/Boot.php(67): CodeIgniter\Boot::runCodeIgniter()
12 FCPATH/index.php(56): CodeIgniter\Boot::bootWeb()
CRITICAL - 2024-12-04 23:35:09 --> [Caused by] mysqli_sql_exception: Table 'mvc_crud.CTO_Clear' doesn't exist
in SYSTEMPATH/Database/MySQLi/Connection.php on line 312.
 1 SYSTEMPATH/Database/MySQLi/Connection.php(312): mysqli->query()
 2 SYSTEMPATH/Database/BaseConnection.php(734): CodeIgniter\Database\MySQLi\Connection->execute()
 3 SYSTEMPATH/Database/BaseConnection.php(648): CodeIgniter\Database\BaseConnection->simpleQuery()
 4 SYSTEMPATH/Database/BaseBuilder.php(1728): CodeIgniter\Database\BaseConnection->query()
 5 SYSTEMPATH/Model.php(678): CodeIgniter\Database\BaseBuilder->countAllResults()
 6 SYSTEMPATH/BaseModel.php(1284): CodeIgniter\Model->countAllResults()
 7 APPPATH/Controllers/CtoClearController.php(28): CodeIgniter\BaseModel->paginate()
 8 SYSTEMPATH/CodeIgniter.php(933): App\Controllers\CtoClearController->index()
 9 SYSTEMPATH/CodeIgniter.php(509): CodeIgniter\CodeIgniter->runController()
10 SYSTEMPATH/CodeIgniter.php(355): CodeIgniter\CodeIgniter->handleRequest()
11 SYSTEMPATH/Boot.php(325): CodeIgniter\CodeIgniter->run()
12 SYSTEMPATH/Boot.php(67): CodeIgniter\Boot::runCodeIgniter()
13 FCPATH/index.php(56): CodeIgniter\Boot::bootWeb()
INFO - 2024-12-04 23:35:11 --> Session: Class initialized using 'CodeIgniter\Session\Handlers\FileHandler' driver.
INFO - 2024-12-04 23:35:15 --> Session: Class initialized using 'CodeIgniter\Session\Handlers\FileHandler' driver.
INFO - 2024-12-04 23:35:21 --> Session: Class initialized using 'CodeIgniter\Session\Handlers\FileHandler' driver.
INFO - 2024-12-04 23:35:21 --> Session: Class initialized using 'CodeIgniter\Session\Handlers\FileHandler' driver.
INFO - 2024-12-04 23:35:23 --> Session: Class initialized using 'CodeIgniter\Session\Handlers\FileHandler' driver.
INFO - 2024-12-04 23:35:23 --> Session: Class initialized using 'CodeIgniter\Session\Handlers\FileHandler' driver.
INFO - 2024-12-04 23:35:28 --> Session: Class initialized using 'CodeIgniter\Session\Handlers\FileHandler' driver.
INFO - 2024-12-04 23:35:28 --> Session: Class initialized using 'CodeIgniter\Session\Handlers\FileHandler' driver.
INFO - 2024-12-04 23:35:32 --> Session: Class initialized using 'CodeIgniter\Session\Handlers\FileHandler' driver.
INFO - 2024-12-04 23:35:32 --> Session: Class initialized using 'CodeIgniter\Session\Handlers\FileHandler' driver.
INFO - 2024-12-04 23:35:36 --> Session: Class initialized using 'CodeIgniter\Session\Handlers\FileHandler' driver.
INFO - 2024-12-04 23:35:36 --> Session: Class initialized using 'CodeIgniter\Session\Handlers\FileHandler' driver.
INFO - 2024-12-04 23:35:40 --> Session: Class initialized using 'CodeIgniter\Session\Handlers\FileHandler' driver.
INFO - 2024-12-04 23:35:41 --> Session: Class initialized using 'CodeIgniter\Session\Handlers\FileHandler' driver.
ERROR - 2024-12-04 23:35:41 --> mysqli_sql_exception: Table 'mvc_crud.CTO_Clear' doesn't exist in /srv/http/KAYROS-TECH-MVC/vendor/codeigniter4/framework/system/Database/MySQLi/Connection.php:312
Stack trace:
#0 /srv/http/KAYROS-TECH-MVC/vendor/codeigniter4/framework/system/Database/MySQLi/Connection.php(312): mysqli->query()
#1 /srv/http/KAYROS-TECH-MVC/vendor/codeigniter4/framework/system/Database/BaseConnection.php(734): CodeIgniter\Database\MySQLi\Connection->execute()
#2 /srv/http/KAYROS-TECH-MVC/vendor/codeigniter4/framework/system/Database/BaseConnection.php(648): CodeIgniter\Database\BaseConnection->simpleQuery()
#3 /srv/http/KAYROS-TECH-MVC/vendor/codeigniter4/framework/system/Database/BaseBuilder.php(1728): CodeIgniter\Database\BaseConnection->query()
#4 /srv/http/KAYROS-TECH-MVC/vendor/codeigniter4/framework/system/Model.php(678): CodeIgniter\Database\BaseBuilder->countAllResults()
#5 /srv/http/KAYROS-TECH-MVC/vendor/codeigniter4/framework/system/BaseModel.php(1284): CodeIgniter\Model->countAllResults()
#6 /srv/http/KAYROS-TECH-MVC/app/Controllers/CtoClearController.php(28): CodeIgniter\BaseModel->paginate()
#7 /srv/http/KAYROS-TECH-MVC/vendor/codeigniter4/framework/system/CodeIgniter.php(933): App\Controllers\CtoClearController->index()
#8 /srv/http/KAYROS-TECH-MVC/vendor/codeigniter4/framework/system/CodeIgniter.php(509): CodeIgniter\CodeIgniter->runController()
#9 /srv/http/KAYROS-TECH-MVC/vendor/codeigniter4/framework/system/CodeIgniter.php(355): CodeIgniter\CodeIgniter->handleRequest()
#10 /srv/http/KAYROS-TECH-MVC/vendor/codeigniter4/framework/system/Boot.php(325): CodeIgniter\CodeIgniter->run()
#11 /srv/http/KAYROS-TECH-MVC/vendor/codeigniter4/framework/system/Boot.php(67): CodeIgniter\Boot::runCodeIgniter()
#12 /srv/http/KAYROS-TECH-MVC/public/index.php(56): CodeIgniter\Boot::bootWeb()
#13 {main}
CRITICAL - 2024-12-04 23:35:41 --> CodeIgniter\Database\Exceptions\DatabaseException: Table 'mvc_crud.CTO_Clear' doesn't exist
[Method: GET, Route: cto_clear]
in SYSTEMPATH/Database/BaseConnection.php on line 688.
 1 SYSTEMPATH/Database/BaseBuilder.php(1728): CodeIgniter\Database\BaseConnection->query()
 2 SYSTEMPATH/Model.php(678): CodeIgniter\Database\BaseBuilder->countAllResults()
 3 SYSTEMPATH/BaseModel.php(1284): CodeIgniter\Model->countAllResults()
 4 APPPATH/Controllers/CtoClearController.php(28): CodeIgniter\BaseModel->paginate()
 5 SYSTEMPATH/CodeIgniter.php(933): App\Controllers\CtoClearController->index()
 6 SYSTEMPATH/CodeIgniter.php(509): CodeIgniter\CodeIgniter->runController()
 7 SYSTEMPATH/CodeIgniter.php(355): CodeIgniter\CodeIgniter->handleRequest()
 8 SYSTEMPATH/Boot.php(325): CodeIgniter\CodeIgniter->run()
 9 SYSTEMPATH/Boot.php(67): CodeIgniter\Boot::runCodeIgniter()
10 FCPATH/index.php(56): CodeIgniter\Boot::bootWeb()
CRITICAL - 2024-12-04 23:35:41 --> [Caused by] CodeIgniter\Database\Exceptions\DatabaseException: Table 'mvc_crud.CTO_Clear' doesn't exist
in SYSTEMPATH/Database/MySQLi/Connection.php on line 317.
 1 SYSTEMPATH/Database/BaseConnection.php(734): CodeIgniter\Database\MySQLi\Connection->execute()
 2 SYSTEMPATH/Database/BaseConnection.php(648): CodeIgniter\Database\BaseConnection->simpleQuery()
 3 SYSTEMPATH/Database/BaseBuilder.php(1728): CodeIgniter\Database\BaseConnection->query()
 4 SYSTEMPATH/Model.php(678): CodeIgniter\Database\BaseBuilder->countAllResults()
 5 SYSTEMPATH/BaseModel.php(1284): CodeIgniter\Model->countAllResults()
 6 APPPATH/Controllers/CtoClearController.php(28): CodeIgniter\BaseModel->paginate()
 7 SYSTEMPATH/CodeIgniter.php(933): App\Controllers\CtoClearController->index()
 8 SYSTEMPATH/CodeIgniter.php(509): CodeIgniter\CodeIgniter->runController()
 9 SYSTEMPATH/CodeIgniter.php(355): CodeIgniter\CodeIgniter->handleRequest()
10 SYSTEMPATH/Boot.php(325): CodeIgniter\CodeIgniter->run()
11 SYSTEMPATH/Boot.php(67): CodeIgniter\Boot::runCodeIgniter()
12 FCPATH/index.php(56): CodeIgniter\Boot::bootWeb()
CRITICAL - 2024-12-04 23:35:41 --> [Caused by] mysqli_sql_exception: Table 'mvc_crud.CTO_Clear' doesn't exist
in SYSTEMPATH/Database/MySQLi/Connection.php on line 312.
 1 SYSTEMPATH/Database/MySQLi/Connection.php(312): mysqli->query()
 2 SYSTEMPATH/Database/BaseConnection.php(734): CodeIgniter\Database\MySQLi\Connection->execute()
 3 SYSTEMPATH/Database/BaseConnection.php(648): CodeIgniter\Database\BaseConnection->simpleQuery()
 4 SYSTEMPATH/Database/BaseBuilder.php(1728): CodeIgniter\Database\BaseConnection->query()
 5 SYSTEMPATH/Model.php(678): CodeIgniter\Database\BaseBuilder->countAllResults()
 6 SYSTEMPATH/BaseModel.php(1284): CodeIgniter\Model->countAllResults()
 7 APPPATH/Controllers/CtoClearController.php(28): CodeIgniter\BaseModel->paginate()
 8 SYSTEMPATH/CodeIgniter.php(933): App\Controllers\CtoClearController->index()
 9 SYSTEMPATH/CodeIgniter.php(509): CodeIgniter\CodeIgniter->runController()
10 SYSTEMPATH/CodeIgniter.php(355): CodeIgniter\CodeIgniter->handleRequest()
11 SYSTEMPATH/Boot.php(325): CodeIgniter\CodeIgniter->run()
12 SYSTEMPATH/Boot.php(67): CodeIgniter\Boot::runCodeIgniter()
13 FCPATH/index.php(56): CodeIgniter\Boot::bootWeb()
INFO - 2024-12-04 23:36:30 --> Session: Class initialized using 'CodeIgniter\Session\Handlers\FileHandler' driver.
INFO - 2024-12-04 23:36:33 --> Session: Class initialized using 'CodeIgniter\Session\Handlers\FileHandler' driver.
INFO - 2024-12-04 23:36:35 --> Session: Class initialized using 'CodeIgniter\Session\Handlers\FileHandler' driver.
INFO - 2024-12-04 23:36:38 --> Session: Class initialized using 'CodeIgniter\Session\Handlers\FileHandler' driver.
INFO - 2024-12-04 23:36:41 --> Session: Class initialized using 'CodeIgniter\Session\Handlers\FileHandler' driver.
INFO - 2024-12-04 23:46:40 --> Session: Class initialized using 'CodeIgniter\Session\Handlers\FileHandler' driver.
INFO - 2024-12-04 23:52:35 --> Session: Class initialized using 'CodeIgniter\Session\Handlers\FileHandler' driver.
INFO - 2024-12-04 23:52:56 --> Session: Class initialized using 'CodeIgniter\Session\Handlers\FileHandler' driver.
INFO - 2024-12-04 23:52:56 --> Session: Class initialized using 'CodeIgniter\Session\Handlers\FileHandler' driver.
INFO - 2024-12-04 23:52:56 --> Session: Class initialized using 'CodeIgniter\Session\Handlers\FileHandler' driver.
INFO - 2024-12-04 23:53:01 --> Session: Class initialized using 'CodeIgniter\Session\Handlers\FileHandler' driver.
INFO - 2024-12-04 23:53:01 --> Session: Class initialized using 'CodeIgniter\Session\Handlers\FileHandler' driver.
INFO - 2024-12-04 23:53:11 --> Session: Class initialized using 'CodeIgniter\Session\Handlers\FileHandler' driver.
INFO - 2024-12-04 23:53:12 --> Session: Class initialized using 'CodeIgniter\Session\Handlers\FileHandler' driver.
INFO - 2024-12-04 23:55:01 --> Session: Class initialized using 'CodeIgniter\Session\Handlers\FileHandler' driver.
INFO - 2024-12-04 23:58:44 --> Session: Class initialized using 'CodeIgniter\Session\Handlers\FileHandler' driver.
