ERROR - 2024-12-28 17:42:31 --> Error connecting to the database: mysqli_sql_exception: Access denied for user ''@'localhost' in /home/dourado/Documentos/KAYROS-TECH-MVC/vendor/codeigniter4/framework/system/Database/MySQLi/Connection.php:186
Stack trace:
#0 /home/dourado/Documentos/KAYROS-TECH-MVC/vendor/codeigniter4/framework/system/Database/MySQLi/Connection.php(186): mysqli->real_connect()
#1 /home/dourado/Documentos/KAYROS-TECH-MVC/vendor/codeigniter4/framework/system/Database/BaseConnection.php(421): CodeIgniter\Database\MySQLi\Connection->connect()
#2 /home/dourado/Documentos/KAYROS-TECH-MVC/vendor/codeigniter4/framework/system/Database/BaseConnection.php(616): CodeIgniter\Database\BaseConnection->initialize()
#3 /home/dourado/Documentos/KAYROS-TECH-MVC/vendor/codeigniter4/framework/system/Database/BaseBuilder.php(1644): CodeIgniter\Database\BaseConnection->query()
#4 /home/dourado/Documentos/KAYROS-TECH-MVC/vendor/codeigniter4/framework/system/Model.php(330): CodeIgniter\Database\BaseBuilder->get()
#5 /home/dourado/Documentos/KAYROS-TECH-MVC/vendor/codeigniter4/framework/system/BaseModel.php(714): CodeIgniter\Model->doFirst()
#6 /home/dourado/Documentos/KAYROS-TECH-MVC/app/Models/UserModel.php(26): CodeIgniter\BaseModel->first()
#7 /home/dourado/Documentos/KAYROS-TECH-MVC/app/Controllers/LoginController.php(22): App\Models\UserModel->getUser()
#8 /home/dourado/Documentos/KAYROS-TECH-MVC/vendor/codeigniter4/framework/system/CodeIgniter.php(933): App\Controllers\LoginController->login()
#9 /home/dourado/Documentos/KAYROS-TECH-MVC/vendor/codeigniter4/framework/system/CodeIgniter.php(509): CodeIgniter\CodeIgniter->runController()
#10 /home/dourado/Documentos/KAYROS-TECH-MVC/vendor/codeigniter4/framework/system/CodeIgniter.php(355): CodeIgniter\CodeIgniter->handleRequest()
#11 /home/dourado/Documentos/KAYROS-TECH-MVC/vendor/codeigniter4/framework/system/Boot.php(325): CodeIgniter\CodeIgniter->run()
#12 /home/dourado/Documentos/KAYROS-TECH-MVC/vendor/codeigniter4/framework/system/Boot.php(67): CodeIgniter\Boot::runCodeIgniter()
#13 /home/dourado/Documentos/KAYROS-TECH-MVC/public/index.php(56): CodeIgniter\Boot::bootWeb()
#14 /home/dourado/Documentos/KAYROS-TECH-MVC/vendor/codeigniter4/framework/system/rewrite.php(44): require_once('...')
#15 {main}

Next CodeIgniter\Database\Exceptions\DatabaseException: Access denied for user ''@'localhost' in /home/dourado/Documentos/KAYROS-TECH-MVC/vendor/codeigniter4/framework/system/Database/MySQLi/Connection.php:231
Stack trace:
#0 /home/dourado/Documentos/KAYROS-TECH-MVC/vendor/codeigniter4/framework/system/Database/BaseConnection.php(421): CodeIgniter\Database\MySQLi\Connection->connect()
#1 /home/dourado/Documentos/KAYROS-TECH-MVC/vendor/codeigniter4/framework/system/Database/BaseConnection.php(616): CodeIgniter\Database\BaseConnection->initialize()
#2 /home/dourado/Documentos/KAYROS-TECH-MVC/vendor/codeigniter4/framework/system/Database/BaseBuilder.php(1644): CodeIgniter\Database\BaseConnection->query()
#3 /home/dourado/Documentos/KAYROS-TECH-MVC/vendor/codeigniter4/framework/system/Model.php(330): CodeIgniter\Database\BaseBuilder->get()
#4 /home/dourado/Documentos/KAYROS-TECH-MVC/vendor/codeigniter4/framework/system/BaseModel.php(714): CodeIgniter\Model->doFirst()
#5 /home/dourado/Documentos/KAYROS-TECH-MVC/app/Models/UserModel.php(26): CodeIgniter\BaseModel->first()
#6 /home/dourado/Documentos/KAYROS-TECH-MVC/app/Controllers/LoginController.php(22): App\Models\UserModel->getUser()
#7 /home/dourado/Documentos/KAYROS-TECH-MVC/vendor/codeigniter4/framework/system/CodeIgniter.php(933): App\Controllers\LoginController->login()
#8 /home/dourado/Documentos/KAYROS-TECH-MVC/vendor/codeigniter4/framework/system/CodeIgniter.php(509): CodeIgniter\CodeIgniter->runController()
#9 /home/dourado/Documentos/KAYROS-TECH-MVC/vendor/codeigniter4/framework/system/CodeIgniter.php(355): CodeIgniter\CodeIgniter->handleRequest()
#10 /home/dourado/Documentos/KAYROS-TECH-MVC/vendor/codeigniter4/framework/system/Boot.php(325): CodeIgniter\CodeIgniter->run()
#11 /home/dourado/Documentos/KAYROS-TECH-MVC/vendor/codeigniter4/framework/system/Boot.php(67): CodeIgniter\Boot::runCodeIgniter()
#12 /home/dourado/Documentos/KAYROS-TECH-MVC/public/index.php(56): CodeIgniter\Boot::bootWeb()
#13 /home/dourado/Documentos/KAYROS-TECH-MVC/vendor/codeigniter4/framework/system/rewrite.php(44): require_once('...')
#14 {main}
CRITICAL - 2024-12-28 17:42:31 --> CodeIgniter\Database\Exceptions\DatabaseException: Unable to connect to the database.
Main connection [MySQLi]: Access denied for user ''@'localhost'
[Method: POST, Route: login]
in SYSTEMPATH/Database/BaseConnection.php on line 467.
 1 SYSTEMPATH/Database/BaseConnection.php(616): CodeIgniter\Database\BaseConnection->initialize()
 2 SYSTEMPATH/Database/BaseBuilder.php(1644): CodeIgniter\Database\BaseConnection->query()
 3 SYSTEMPATH/Model.php(330): CodeIgniter\Database\BaseBuilder->get()
 4 SYSTEMPATH/BaseModel.php(714): CodeIgniter\Model->doFirst()
 5 APPPATH/Models/UserModel.php(26): CodeIgniter\BaseModel->first()
 6 APPPATH/Controllers/LoginController.php(22): App\Models\UserModel->getUser()
 7 SYSTEMPATH/CodeIgniter.php(933): App\Controllers\LoginController->login()
 8 SYSTEMPATH/CodeIgniter.php(509): CodeIgniter\CodeIgniter->runController()
 9 SYSTEMPATH/CodeIgniter.php(355): CodeIgniter\CodeIgniter->handleRequest()
10 SYSTEMPATH/Boot.php(325): CodeIgniter\CodeIgniter->run()
11 SYSTEMPATH/Boot.php(67): CodeIgniter\Boot::runCodeIgniter()
12 FCPATH/index.php(56): CodeIgniter\Boot::bootWeb()
13 SYSTEMPATH/rewrite.php(44): require_once('/home/dourado/Documentos/KAYROS-TECH-MVC/public/index.php')
ERROR - 2024-12-28 17:42:43 --> Error connecting to the database: mysqli_sql_exception: Access denied for user ''@'localhost' in /home/dourado/Documentos/KAYROS-TECH-MVC/vendor/codeigniter4/framework/system/Database/MySQLi/Connection.php:186
Stack trace:
#0 /home/dourado/Documentos/KAYROS-TECH-MVC/vendor/codeigniter4/framework/system/Database/MySQLi/Connection.php(186): mysqli->real_connect()
#1 /home/dourado/Documentos/KAYROS-TECH-MVC/vendor/codeigniter4/framework/system/Database/BaseConnection.php(421): CodeIgniter\Database\MySQLi\Connection->connect()
#2 /home/dourado/Documentos/KAYROS-TECH-MVC/vendor/codeigniter4/framework/system/Database/BaseConnection.php(616): CodeIgniter\Database\BaseConnection->initialize()
#3 /home/dourado/Documentos/KAYROS-TECH-MVC/vendor/codeigniter4/framework/system/Database/BaseBuilder.php(1644): CodeIgniter\Database\BaseConnection->query()
#4 /home/dourado/Documentos/KAYROS-TECH-MVC/vendor/codeigniter4/framework/system/Model.php(330): CodeIgniter\Database\BaseBuilder->get()
#5 /home/dourado/Documentos/KAYROS-TECH-MVC/vendor/codeigniter4/framework/system/BaseModel.php(714): CodeIgniter\Model->doFirst()
#6 /home/dourado/Documentos/KAYROS-TECH-MVC/app/Models/UserModel.php(26): CodeIgniter\BaseModel->first()
#7 /home/dourado/Documentos/KAYROS-TECH-MVC/app/Controllers/LoginController.php(22): App\Models\UserModel->getUser()
#8 /home/dourado/Documentos/KAYROS-TECH-MVC/vendor/codeigniter4/framework/system/CodeIgniter.php(933): App\Controllers\LoginController->login()
#9 /home/dourado/Documentos/KAYROS-TECH-MVC/vendor/codeigniter4/framework/system/CodeIgniter.php(509): CodeIgniter\CodeIgniter->runController()
#10 /home/dourado/Documentos/KAYROS-TECH-MVC/vendor/codeigniter4/framework/system/CodeIgniter.php(355): CodeIgniter\CodeIgniter->handleRequest()
#11 /home/dourado/Documentos/KAYROS-TECH-MVC/vendor/codeigniter4/framework/system/Boot.php(325): CodeIgniter\CodeIgniter->run()
#12 /home/dourado/Documentos/KAYROS-TECH-MVC/vendor/codeigniter4/framework/system/Boot.php(67): CodeIgniter\Boot::runCodeIgniter()
#13 /home/dourado/Documentos/KAYROS-TECH-MVC/public/index.php(56): CodeIgniter\Boot::bootWeb()
#14 /home/dourado/Documentos/KAYROS-TECH-MVC/vendor/codeigniter4/framework/system/rewrite.php(44): require_once('...')
#15 {main}

Next CodeIgniter\Database\Exceptions\DatabaseException: Access denied for user ''@'localhost' in /home/dourado/Documentos/KAYROS-TECH-MVC/vendor/codeigniter4/framework/system/Database/MySQLi/Connection.php:231
Stack trace:
#0 /home/dourado/Documentos/KAYROS-TECH-MVC/vendor/codeigniter4/framework/system/Database/BaseConnection.php(421): CodeIgniter\Database\MySQLi\Connection->connect()
#1 /home/dourado/Documentos/KAYROS-TECH-MVC/vendor/codeigniter4/framework/system/Database/BaseConnection.php(616): CodeIgniter\Database\BaseConnection->initialize()
#2 /home/dourado/Documentos/KAYROS-TECH-MVC/vendor/codeigniter4/framework/system/Database/BaseBuilder.php(1644): CodeIgniter\Database\BaseConnection->query()
#3 /home/dourado/Documentos/KAYROS-TECH-MVC/vendor/codeigniter4/framework/system/Model.php(330): CodeIgniter\Database\BaseBuilder->get()
#4 /home/dourado/Documentos/KAYROS-TECH-MVC/vendor/codeigniter4/framework/system/BaseModel.php(714): CodeIgniter\Model->doFirst()
#5 /home/dourado/Documentos/KAYROS-TECH-MVC/app/Models/UserModel.php(26): CodeIgniter\BaseModel->first()
#6 /home/dourado/Documentos/KAYROS-TECH-MVC/app/Controllers/LoginController.php(22): App\Models\UserModel->getUser()
#7 /home/dourado/Documentos/KAYROS-TECH-MVC/vendor/codeigniter4/framework/system/CodeIgniter.php(933): App\Controllers\LoginController->login()
#8 /home/dourado/Documentos/KAYROS-TECH-MVC/vendor/codeigniter4/framework/system/CodeIgniter.php(509): CodeIgniter\CodeIgniter->runController()
#9 /home/dourado/Documentos/KAYROS-TECH-MVC/vendor/codeigniter4/framework/system/CodeIgniter.php(355): CodeIgniter\CodeIgniter->handleRequest()
#10 /home/dourado/Documentos/KAYROS-TECH-MVC/vendor/codeigniter4/framework/system/Boot.php(325): CodeIgniter\CodeIgniter->run()
#11 /home/dourado/Documentos/KAYROS-TECH-MVC/vendor/codeigniter4/framework/system/Boot.php(67): CodeIgniter\Boot::runCodeIgniter()
#12 /home/dourado/Documentos/KAYROS-TECH-MVC/public/index.php(56): CodeIgniter\Boot::bootWeb()
#13 /home/dourado/Documentos/KAYROS-TECH-MVC/vendor/codeigniter4/framework/system/rewrite.php(44): require_once('...')
#14 {main}
CRITICAL - 2024-12-28 17:42:43 --> CodeIgniter\Database\Exceptions\DatabaseException: Unable to connect to the database.
Main connection [MySQLi]: Access denied for user ''@'localhost'
[Method: POST, Route: login]
in SYSTEMPATH/Database/BaseConnection.php on line 467.
 1 SYSTEMPATH/Database/BaseConnection.php(616): CodeIgniter\Database\BaseConnection->initialize()
 2 SYSTEMPATH/Database/BaseBuilder.php(1644): CodeIgniter\Database\BaseConnection->query()
 3 SYSTEMPATH/Model.php(330): CodeIgniter\Database\BaseBuilder->get()
 4 SYSTEMPATH/BaseModel.php(714): CodeIgniter\Model->doFirst()
 5 APPPATH/Models/UserModel.php(26): CodeIgniter\BaseModel->first()
 6 APPPATH/Controllers/LoginController.php(22): App\Models\UserModel->getUser()
 7 SYSTEMPATH/CodeIgniter.php(933): App\Controllers\LoginController->login()
 8 SYSTEMPATH/CodeIgniter.php(509): CodeIgniter\CodeIgniter->runController()
 9 SYSTEMPATH/CodeIgniter.php(355): CodeIgniter\CodeIgniter->handleRequest()
10 SYSTEMPATH/Boot.php(325): CodeIgniter\CodeIgniter->run()
11 SYSTEMPATH/Boot.php(67): CodeIgniter\Boot::runCodeIgniter()
12 FCPATH/index.php(56): CodeIgniter\Boot::bootWeb()
13 SYSTEMPATH/rewrite.php(44): require_once('/home/dourado/Documentos/KAYROS-TECH-MVC/public/index.php')
INFO - 2024-12-28 17:47:30 --> Session: Class initialized using 'CodeIgniter\Session\Handlers\FileHandler' driver.
INFO - 2024-12-28 17:47:31 --> Session: Class initialized using 'CodeIgniter\Session\Handlers\FileHandler' driver.
ERROR - 2024-12-28 17:47:37 --> Error connecting to the database: TypeError: str_replace(): Argument #1 ($search) must be of type array|string, true given in /home/dourado/Documentos/KAYROS-TECH-MVC/vendor/codeigniter4/framework/system/Database/MySQLi/Connection.php:229
Stack trace:
#0 /home/dourado/Documentos/KAYROS-TECH-MVC/vendor/codeigniter4/framework/system/Database/MySQLi/Connection.php(229): str_replace()
#1 /home/dourado/Documentos/KAYROS-TECH-MVC/vendor/codeigniter4/framework/system/Database/BaseConnection.php(421): CodeIgniter\Database\MySQLi\Connection->connect()
#2 /home/dourado/Documentos/KAYROS-TECH-MVC/vendor/codeigniter4/framework/system/Database/BaseConnection.php(616): CodeIgniter\Database\BaseConnection->initialize()
#3 /home/dourado/Documentos/KAYROS-TECH-MVC/vendor/codeigniter4/framework/system/Database/BaseBuilder.php(1644): CodeIgniter\Database\BaseConnection->query()
#4 /home/dourado/Documentos/KAYROS-TECH-MVC/vendor/codeigniter4/framework/system/Model.php(330): CodeIgniter\Database\BaseBuilder->get()
#5 /home/dourado/Documentos/KAYROS-TECH-MVC/vendor/codeigniter4/framework/system/BaseModel.php(714): CodeIgniter\Model->doFirst()
#6 /home/dourado/Documentos/KAYROS-TECH-MVC/app/Models/UserModel.php(26): CodeIgniter\BaseModel->first()
#7 /home/dourado/Documentos/KAYROS-TECH-MVC/app/Controllers/LoginController.php(22): App\Models\UserModel->getUser()
#8 /home/dourado/Documentos/KAYROS-TECH-MVC/vendor/codeigniter4/framework/system/CodeIgniter.php(933): App\Controllers\LoginController->login()
#9 /home/dourado/Documentos/KAYROS-TECH-MVC/vendor/codeigniter4/framework/system/CodeIgniter.php(509): CodeIgniter\CodeIgniter->runController()
#10 /home/dourado/Documentos/KAYROS-TECH-MVC/vendor/codeigniter4/framework/system/CodeIgniter.php(355): CodeIgniter\CodeIgniter->handleRequest()
#11 /home/dourado/Documentos/KAYROS-TECH-MVC/vendor/codeigniter4/framework/system/Boot.php(325): CodeIgniter\CodeIgniter->run()
#12 /home/dourado/Documentos/KAYROS-TECH-MVC/vendor/codeigniter4/framework/system/Boot.php(67): CodeIgniter\Boot::runCodeIgniter()
#13 /home/dourado/Documentos/KAYROS-TECH-MVC/public/index.php(56): CodeIgniter\Boot::bootWeb()
#14 /home/dourado/Documentos/KAYROS-TECH-MVC/vendor/codeigniter4/framework/system/rewrite.php(44): require_once('...')
#15 {main}
CRITICAL - 2024-12-28 17:47:37 --> CodeIgniter\Database\Exceptions\DatabaseException: Unable to connect to the database.
Main connection [MySQLi]: str_replace(): Argument #1 ($search) must be of type array|string, true given
[Method: POST, Route: login]
in SYSTEMPATH/Database/BaseConnection.php on line 467.
 1 SYSTEMPATH/Database/BaseConnection.php(616): CodeIgniter\Database\BaseConnection->initialize()
 2 SYSTEMPATH/Database/BaseBuilder.php(1644): CodeIgniter\Database\BaseConnection->query()
 3 SYSTEMPATH/Model.php(330): CodeIgniter\Database\BaseBuilder->get()
 4 SYSTEMPATH/BaseModel.php(714): CodeIgniter\Model->doFirst()
 5 APPPATH/Models/UserModel.php(26): CodeIgniter\BaseModel->first()
 6 APPPATH/Controllers/LoginController.php(22): App\Models\UserModel->getUser()
 7 SYSTEMPATH/CodeIgniter.php(933): App\Controllers\LoginController->login()
 8 SYSTEMPATH/CodeIgniter.php(509): CodeIgniter\CodeIgniter->runController()
 9 SYSTEMPATH/CodeIgniter.php(355): CodeIgniter\CodeIgniter->handleRequest()
10 SYSTEMPATH/Boot.php(325): CodeIgniter\CodeIgniter->run()
11 SYSTEMPATH/Boot.php(67): CodeIgniter\Boot::runCodeIgniter()
12 FCPATH/index.php(56): CodeIgniter\Boot::bootWeb()
13 SYSTEMPATH/rewrite.php(44): require_once('/home/dourado/Documentos/KAYROS-TECH-MVC/public/index.php')
ERROR - 2024-12-28 17:48:01 --> Error connecting to the database: mysqli_sql_exception: Access denied for user 'root'@'localhost' in /home/dourado/Documentos/KAYROS-TECH-MVC/vendor/codeigniter4/framework/system/Database/MySQLi/Connection.php:186
Stack trace:
#0 /home/dourado/Documentos/KAYROS-TECH-MVC/vendor/codeigniter4/framework/system/Database/MySQLi/Connection.php(186): mysqli->real_connect()
#1 /home/dourado/Documentos/KAYROS-TECH-MVC/vendor/codeigniter4/framework/system/Database/BaseConnection.php(421): CodeIgniter\Database\MySQLi\Connection->connect()
#2 /home/dourado/Documentos/KAYROS-TECH-MVC/vendor/codeigniter4/framework/system/Database/BaseConnection.php(616): CodeIgniter\Database\BaseConnection->initialize()
#3 /home/dourado/Documentos/KAYROS-TECH-MVC/vendor/codeigniter4/framework/system/Database/BaseBuilder.php(1644): CodeIgniter\Database\BaseConnection->query()
#4 /home/dourado/Documentos/KAYROS-TECH-MVC/vendor/codeigniter4/framework/system/Model.php(330): CodeIgniter\Database\BaseBuilder->get()
#5 /home/dourado/Documentos/KAYROS-TECH-MVC/vendor/codeigniter4/framework/system/BaseModel.php(714): CodeIgniter\Model->doFirst()
#6 /home/dourado/Documentos/KAYROS-TECH-MVC/app/Models/UserModel.php(26): CodeIgniter\BaseModel->first()
#7 /home/dourado/Documentos/KAYROS-TECH-MVC/app/Controllers/LoginController.php(22): App\Models\UserModel->getUser()
#8 /home/dourado/Documentos/KAYROS-TECH-MVC/vendor/codeigniter4/framework/system/CodeIgniter.php(933): App\Controllers\LoginController->login()
#9 /home/dourado/Documentos/KAYROS-TECH-MVC/vendor/codeigniter4/framework/system/CodeIgniter.php(509): CodeIgniter\CodeIgniter->runController()
#10 /home/dourado/Documentos/KAYROS-TECH-MVC/vendor/codeigniter4/framework/system/CodeIgniter.php(355): CodeIgniter\CodeIgniter->handleRequest()
#11 /home/dourado/Documentos/KAYROS-TECH-MVC/vendor/codeigniter4/framework/system/Boot.php(325): CodeIgniter\CodeIgniter->run()
#12 /home/dourado/Documentos/KAYROS-TECH-MVC/vendor/codeigniter4/framework/system/Boot.php(67): CodeIgniter\Boot::runCodeIgniter()
#13 /home/dourado/Documentos/KAYROS-TECH-MVC/public/index.php(56): CodeIgniter\Boot::bootWeb()
#14 /home/dourado/Documentos/KAYROS-TECH-MVC/vendor/codeigniter4/framework/system/rewrite.php(44): require_once('...')
#15 {main}

Next CodeIgniter\Database\Exceptions\DatabaseException: Access denied for user '****'@'localhost' in /home/dourado/Documentos/KAYROS-TECH-MVC/vendor/codeigniter4/framework/system/Database/MySQLi/Connection.php:231
Stack trace:
#0 /home/dourado/Documentos/KAYROS-TECH-MVC/vendor/codeigniter4/framework/system/Database/BaseConnection.php(421): CodeIgniter\Database\MySQLi\Connection->connect()
#1 /home/dourado/Documentos/KAYROS-TECH-MVC/vendor/codeigniter4/framework/system/Database/BaseConnection.php(616): CodeIgniter\Database\BaseConnection->initialize()
#2 /home/dourado/Documentos/KAYROS-TECH-MVC/vendor/codeigniter4/framework/system/Database/BaseBuilder.php(1644): CodeIgniter\Database\BaseConnection->query()
#3 /home/dourado/Documentos/KAYROS-TECH-MVC/vendor/codeigniter4/framework/system/Model.php(330): CodeIgniter\Database\BaseBuilder->get()
#4 /home/dourado/Documentos/KAYROS-TECH-MVC/vendor/codeigniter4/framework/system/BaseModel.php(714): CodeIgniter\Model->doFirst()
#5 /home/dourado/Documentos/KAYROS-TECH-MVC/app/Models/UserModel.php(26): CodeIgniter\BaseModel->first()
#6 /home/dourado/Documentos/KAYROS-TECH-MVC/app/Controllers/LoginController.php(22): App\Models\UserModel->getUser()
#7 /home/dourado/Documentos/KAYROS-TECH-MVC/vendor/codeigniter4/framework/system/CodeIgniter.php(933): App\Controllers\LoginController->login()
#8 /home/dourado/Documentos/KAYROS-TECH-MVC/vendor/codeigniter4/framework/system/CodeIgniter.php(509): CodeIgniter\CodeIgniter->runController()
#9 /home/dourado/Documentos/KAYROS-TECH-MVC/vendor/codeigniter4/framework/system/CodeIgniter.php(355): CodeIgniter\CodeIgniter->handleRequest()
#10 /home/dourado/Documentos/KAYROS-TECH-MVC/vendor/codeigniter4/framework/system/Boot.php(325): CodeIgniter\CodeIgniter->run()
#11 /home/dourado/Documentos/KAYROS-TECH-MVC/vendor/codeigniter4/framework/system/Boot.php(67): CodeIgniter\Boot::runCodeIgniter()
#12 /home/dourado/Documentos/KAYROS-TECH-MVC/public/index.php(56): CodeIgniter\Boot::bootWeb()
#13 /home/dourado/Documentos/KAYROS-TECH-MVC/vendor/codeigniter4/framework/system/rewrite.php(44): require_once('...')
#14 {main}
CRITICAL - 2024-12-28 17:48:01 --> CodeIgniter\Database\Exceptions\DatabaseException: Unable to connect to the database.
Main connection [MySQLi]: Access denied for user '****'@'localhost'
[Method: POST, Route: login]
in SYSTEMPATH/Database/BaseConnection.php on line 467.
 1 SYSTEMPATH/Database/BaseConnection.php(616): CodeIgniter\Database\BaseConnection->initialize()
 2 SYSTEMPATH/Database/BaseBuilder.php(1644): CodeIgniter\Database\BaseConnection->query()
 3 SYSTEMPATH/Model.php(330): CodeIgniter\Database\BaseBuilder->get()
 4 SYSTEMPATH/BaseModel.php(714): CodeIgniter\Model->doFirst()
 5 APPPATH/Models/UserModel.php(26): CodeIgniter\BaseModel->first()
 6 APPPATH/Controllers/LoginController.php(22): App\Models\UserModel->getUser()
 7 SYSTEMPATH/CodeIgniter.php(933): App\Controllers\LoginController->login()
 8 SYSTEMPATH/CodeIgniter.php(509): CodeIgniter\CodeIgniter->runController()
 9 SYSTEMPATH/CodeIgniter.php(355): CodeIgniter\CodeIgniter->handleRequest()
10 SYSTEMPATH/Boot.php(325): CodeIgniter\CodeIgniter->run()
11 SYSTEMPATH/Boot.php(67): CodeIgniter\Boot::runCodeIgniter()
12 FCPATH/index.php(56): CodeIgniter\Boot::bootWeb()
13 SYSTEMPATH/rewrite.php(44): require_once('/home/dourado/Documentos/KAYROS-TECH-MVC/public/index.php')
INFO - 2024-12-28 17:48:03 --> Session: Class initialized using 'CodeIgniter\Session\Handlers\FileHandler' driver.
ERROR - 2024-12-28 17:48:11 --> Error connecting to the database: mysqli_sql_exception: Access denied for user 'root'@'localhost' in /home/dourado/Documentos/KAYROS-TECH-MVC/vendor/codeigniter4/framework/system/Database/MySQLi/Connection.php:186
Stack trace:
#0 /home/dourado/Documentos/KAYROS-TECH-MVC/vendor/codeigniter4/framework/system/Database/MySQLi/Connection.php(186): mysqli->real_connect()
#1 /home/dourado/Documentos/KAYROS-TECH-MVC/vendor/codeigniter4/framework/system/Database/BaseConnection.php(421): CodeIgniter\Database\MySQLi\Connection->connect()
#2 /home/dourado/Documentos/KAYROS-TECH-MVC/vendor/codeigniter4/framework/system/Database/BaseConnection.php(616): CodeIgniter\Database\BaseConnection->initialize()
#3 /home/dourado/Documentos/KAYROS-TECH-MVC/vendor/codeigniter4/framework/system/Database/BaseBuilder.php(1644): CodeIgniter\Database\BaseConnection->query()
#4 /home/dourado/Documentos/KAYROS-TECH-MVC/vendor/codeigniter4/framework/system/Model.php(330): CodeIgniter\Database\BaseBuilder->get()
#5 /home/dourado/Documentos/KAYROS-TECH-MVC/vendor/codeigniter4/framework/system/BaseModel.php(714): CodeIgniter\Model->doFirst()
#6 /home/dourado/Documentos/KAYROS-TECH-MVC/app/Models/UserModel.php(26): CodeIgniter\BaseModel->first()
#7 /home/dourado/Documentos/KAYROS-TECH-MVC/app/Controllers/LoginController.php(22): App\Models\UserModel->getUser()
#8 /home/dourado/Documentos/KAYROS-TECH-MVC/vendor/codeigniter4/framework/system/CodeIgniter.php(933): App\Controllers\LoginController->login()
#9 /home/dourado/Documentos/KAYROS-TECH-MVC/vendor/codeigniter4/framework/system/CodeIgniter.php(509): CodeIgniter\CodeIgniter->runController()
#10 /home/dourado/Documentos/KAYROS-TECH-MVC/vendor/codeigniter4/framework/system/CodeIgniter.php(355): CodeIgniter\CodeIgniter->handleRequest()
#11 /home/dourado/Documentos/KAYROS-TECH-MVC/vendor/codeigniter4/framework/system/Boot.php(325): CodeIgniter\CodeIgniter->run()
#12 /home/dourado/Documentos/KAYROS-TECH-MVC/vendor/codeigniter4/framework/system/Boot.php(67): CodeIgniter\Boot::runCodeIgniter()
#13 /home/dourado/Documentos/KAYROS-TECH-MVC/public/index.php(56): CodeIgniter\Boot::bootWeb()
#14 /home/dourado/Documentos/KAYROS-TECH-MVC/vendor/codeigniter4/framework/system/rewrite.php(44): require_once('...')
#15 {main}

Next CodeIgniter\Database\Exceptions\DatabaseException: Access denied for user '****'@'localhost' in /home/dourado/Documentos/KAYROS-TECH-MVC/vendor/codeigniter4/framework/system/Database/MySQLi/Connection.php:231
Stack trace:
#0 /home/dourado/Documentos/KAYROS-TECH-MVC/vendor/codeigniter4/framework/system/Database/BaseConnection.php(421): CodeIgniter\Database\MySQLi\Connection->connect()
#1 /home/dourado/Documentos/KAYROS-TECH-MVC/vendor/codeigniter4/framework/system/Database/BaseConnection.php(616): CodeIgniter\Database\BaseConnection->initialize()
#2 /home/dourado/Documentos/KAYROS-TECH-MVC/vendor/codeigniter4/framework/system/Database/BaseBuilder.php(1644): CodeIgniter\Database\BaseConnection->query()
#3 /home/dourado/Documentos/KAYROS-TECH-MVC/vendor/codeigniter4/framework/system/Model.php(330): CodeIgniter\Database\BaseBuilder->get()
#4 /home/dourado/Documentos/KAYROS-TECH-MVC/vendor/codeigniter4/framework/system/BaseModel.php(714): CodeIgniter\Model->doFirst()
#5 /home/dourado/Documentos/KAYROS-TECH-MVC/app/Models/UserModel.php(26): CodeIgniter\BaseModel->first()
#6 /home/dourado/Documentos/KAYROS-TECH-MVC/app/Controllers/LoginController.php(22): App\Models\UserModel->getUser()
#7 /home/dourado/Documentos/KAYROS-TECH-MVC/vendor/codeigniter4/framework/system/CodeIgniter.php(933): App\Controllers\LoginController->login()
#8 /home/dourado/Documentos/KAYROS-TECH-MVC/vendor/codeigniter4/framework/system/CodeIgniter.php(509): CodeIgniter\CodeIgniter->runController()
#9 /home/dourado/Documentos/KAYROS-TECH-MVC/vendor/codeigniter4/framework/system/CodeIgniter.php(355): CodeIgniter\CodeIgniter->handleRequest()
#10 /home/dourado/Documentos/KAYROS-TECH-MVC/vendor/codeigniter4/framework/system/Boot.php(325): CodeIgniter\CodeIgniter->run()
#11 /home/dourado/Documentos/KAYROS-TECH-MVC/vendor/codeigniter4/framework/system/Boot.php(67): CodeIgniter\Boot::runCodeIgniter()
#12 /home/dourado/Documentos/KAYROS-TECH-MVC/public/index.php(56): CodeIgniter\Boot::bootWeb()
#13 /home/dourado/Documentos/KAYROS-TECH-MVC/vendor/codeigniter4/framework/system/rewrite.php(44): require_once('...')
#14 {main}
CRITICAL - 2024-12-28 17:48:11 --> CodeIgniter\Database\Exceptions\DatabaseException: Unable to connect to the database.
Main connection [MySQLi]: Access denied for user '****'@'localhost'
[Method: POST, Route: login]
in SYSTEMPATH/Database/BaseConnection.php on line 467.
 1 SYSTEMPATH/Database/BaseConnection.php(616): CodeIgniter\Database\BaseConnection->initialize()
 2 SYSTEMPATH/Database/BaseBuilder.php(1644): CodeIgniter\Database\BaseConnection->query()
 3 SYSTEMPATH/Model.php(330): CodeIgniter\Database\BaseBuilder->get()
 4 SYSTEMPATH/BaseModel.php(714): CodeIgniter\Model->doFirst()
 5 APPPATH/Models/UserModel.php(26): CodeIgniter\BaseModel->first()
 6 APPPATH/Controllers/LoginController.php(22): App\Models\UserModel->getUser()
 7 SYSTEMPATH/CodeIgniter.php(933): App\Controllers\LoginController->login()
 8 SYSTEMPATH/CodeIgniter.php(509): CodeIgniter\CodeIgniter->runController()
 9 SYSTEMPATH/CodeIgniter.php(355): CodeIgniter\CodeIgniter->handleRequest()
10 SYSTEMPATH/Boot.php(325): CodeIgniter\CodeIgniter->run()
11 SYSTEMPATH/Boot.php(67): CodeIgniter\Boot::runCodeIgniter()
12 FCPATH/index.php(56): CodeIgniter\Boot::bootWeb()
13 SYSTEMPATH/rewrite.php(44): require_once('/home/dourado/Documentos/KAYROS-TECH-MVC/public/index.php')
ERROR - 2024-12-28 17:49:55 --> Error connecting to the database: mysqli_sql_exception: Access denied for user 'root'@'localhost' in /home/dourado/Documentos/KAYROS-TECH-MVC/vendor/codeigniter4/framework/system/Database/MySQLi/Connection.php:186
Stack trace:
#0 /home/dourado/Documentos/KAYROS-TECH-MVC/vendor/codeigniter4/framework/system/Database/MySQLi/Connection.php(186): mysqli->real_connect()
#1 /home/dourado/Documentos/KAYROS-TECH-MVC/vendor/codeigniter4/framework/system/Database/BaseConnection.php(421): CodeIgniter\Database\MySQLi\Connection->connect()
#2 /home/dourado/Documentos/KAYROS-TECH-MVC/vendor/codeigniter4/framework/system/Database/BaseConnection.php(616): CodeIgniter\Database\BaseConnection->initialize()
#3 /home/dourado/Documentos/KAYROS-TECH-MVC/vendor/codeigniter4/framework/system/Database/BaseBuilder.php(1644): CodeIgniter\Database\BaseConnection->query()
#4 /home/dourado/Documentos/KAYROS-TECH-MVC/vendor/codeigniter4/framework/system/Model.php(330): CodeIgniter\Database\BaseBuilder->get()
#5 /home/dourado/Documentos/KAYROS-TECH-MVC/vendor/codeigniter4/framework/system/BaseModel.php(714): CodeIgniter\Model->doFirst()
#6 /home/dourado/Documentos/KAYROS-TECH-MVC/app/Models/UserModel.php(26): CodeIgniter\BaseModel->first()
#7 /home/dourado/Documentos/KAYROS-TECH-MVC/app/Controllers/LoginController.php(22): App\Models\UserModel->getUser()
#8 /home/dourado/Documentos/KAYROS-TECH-MVC/vendor/codeigniter4/framework/system/CodeIgniter.php(933): App\Controllers\LoginController->login()
#9 /home/dourado/Documentos/KAYROS-TECH-MVC/vendor/codeigniter4/framework/system/CodeIgniter.php(509): CodeIgniter\CodeIgniter->runController()
#10 /home/dourado/Documentos/KAYROS-TECH-MVC/vendor/codeigniter4/framework/system/CodeIgniter.php(355): CodeIgniter\CodeIgniter->handleRequest()
#11 /home/dourado/Documentos/KAYROS-TECH-MVC/vendor/codeigniter4/framework/system/Boot.php(325): CodeIgniter\CodeIgniter->run()
#12 /home/dourado/Documentos/KAYROS-TECH-MVC/vendor/codeigniter4/framework/system/Boot.php(67): CodeIgniter\Boot::runCodeIgniter()
#13 /home/dourado/Documentos/KAYROS-TECH-MVC/public/index.php(56): CodeIgniter\Boot::bootWeb()
#14 /home/dourado/Documentos/KAYROS-TECH-MVC/vendor/codeigniter4/framework/system/rewrite.php(44): require_once('...')
#15 {main}

Next CodeIgniter\Database\Exceptions\DatabaseException: Access denied for user '****'@'localhost' in /home/dourado/Documentos/KAYROS-TECH-MVC/vendor/codeigniter4/framework/system/Database/MySQLi/Connection.php:231
Stack trace:
#0 /home/dourado/Documentos/KAYROS-TECH-MVC/vendor/codeigniter4/framework/system/Database/BaseConnection.php(421): CodeIgniter\Database\MySQLi\Connection->connect()
#1 /home/dourado/Documentos/KAYROS-TECH-MVC/vendor/codeigniter4/framework/system/Database/BaseConnection.php(616): CodeIgniter\Database\BaseConnection->initialize()
#2 /home/dourado/Documentos/KAYROS-TECH-MVC/vendor/codeigniter4/framework/system/Database/BaseBuilder.php(1644): CodeIgniter\Database\BaseConnection->query()
#3 /home/dourado/Documentos/KAYROS-TECH-MVC/vendor/codeigniter4/framework/system/Model.php(330): CodeIgniter\Database\BaseBuilder->get()
#4 /home/dourado/Documentos/KAYROS-TECH-MVC/vendor/codeigniter4/framework/system/BaseModel.php(714): CodeIgniter\Model->doFirst()
#5 /home/dourado/Documentos/KAYROS-TECH-MVC/app/Models/UserModel.php(26): CodeIgniter\BaseModel->first()
#6 /home/dourado/Documentos/KAYROS-TECH-MVC/app/Controllers/LoginController.php(22): App\Models\UserModel->getUser()
#7 /home/dourado/Documentos/KAYROS-TECH-MVC/vendor/codeigniter4/framework/system/CodeIgniter.php(933): App\Controllers\LoginController->login()
#8 /home/dourado/Documentos/KAYROS-TECH-MVC/vendor/codeigniter4/framework/system/CodeIgniter.php(509): CodeIgniter\CodeIgniter->runController()
#9 /home/dourado/Documentos/KAYROS-TECH-MVC/vendor/codeigniter4/framework/system/CodeIgniter.php(355): CodeIgniter\CodeIgniter->handleRequest()
#10 /home/dourado/Documentos/KAYROS-TECH-MVC/vendor/codeigniter4/framework/system/Boot.php(325): CodeIgniter\CodeIgniter->run()
#11 /home/dourado/Documentos/KAYROS-TECH-MVC/vendor/codeigniter4/framework/system/Boot.php(67): CodeIgniter\Boot::runCodeIgniter()
#12 /home/dourado/Documentos/KAYROS-TECH-MVC/public/index.php(56): CodeIgniter\Boot::bootWeb()
#13 /home/dourado/Documentos/KAYROS-TECH-MVC/vendor/codeigniter4/framework/system/rewrite.php(44): require_once('...')
#14 {main}
CRITICAL - 2024-12-28 17:49:55 --> CodeIgniter\Database\Exceptions\DatabaseException: Unable to connect to the database.
Main connection [MySQLi]: Access denied for user '****'@'localhost'
[Method: POST, Route: login]
in SYSTEMPATH/Database/BaseConnection.php on line 467.
 1 SYSTEMPATH/Database/BaseConnection.php(616): CodeIgniter\Database\BaseConnection->initialize()
 2 SYSTEMPATH/Database/BaseBuilder.php(1644): CodeIgniter\Database\BaseConnection->query()
 3 SYSTEMPATH/Model.php(330): CodeIgniter\Database\BaseBuilder->get()
 4 SYSTEMPATH/BaseModel.php(714): CodeIgniter\Model->doFirst()
 5 APPPATH/Models/UserModel.php(26): CodeIgniter\BaseModel->first()
 6 APPPATH/Controllers/LoginController.php(22): App\Models\UserModel->getUser()
 7 SYSTEMPATH/CodeIgniter.php(933): App\Controllers\LoginController->login()
 8 SYSTEMPATH/CodeIgniter.php(509): CodeIgniter\CodeIgniter->runController()
 9 SYSTEMPATH/CodeIgniter.php(355): CodeIgniter\CodeIgniter->handleRequest()
10 SYSTEMPATH/Boot.php(325): CodeIgniter\CodeIgniter->run()
11 SYSTEMPATH/Boot.php(67): CodeIgniter\Boot::runCodeIgniter()
12 FCPATH/index.php(56): CodeIgniter\Boot::bootWeb()
13 SYSTEMPATH/rewrite.php(44): require_once('/home/dourado/Documentos/KAYROS-TECH-MVC/public/index.php')
INFO - 2024-12-28 17:49:57 --> Session: Class initialized using 'CodeIgniter\Session\Handlers\FileHandler' driver.
ERROR - 2024-12-28 17:50:07 --> Error connecting to the database: mysqli_sql_exception: Access denied for user 'root'@'localhost' in /home/dourado/Documentos/KAYROS-TECH-MVC/vendor/codeigniter4/framework/system/Database/MySQLi/Connection.php:186
Stack trace:
#0 /home/dourado/Documentos/KAYROS-TECH-MVC/vendor/codeigniter4/framework/system/Database/MySQLi/Connection.php(186): mysqli->real_connect()
#1 /home/dourado/Documentos/KAYROS-TECH-MVC/vendor/codeigniter4/framework/system/Database/BaseConnection.php(421): CodeIgniter\Database\MySQLi\Connection->connect()
#2 /home/dourado/Documentos/KAYROS-TECH-MVC/vendor/codeigniter4/framework/system/Database/BaseConnection.php(616): CodeIgniter\Database\BaseConnection->initialize()
#3 /home/dourado/Documentos/KAYROS-TECH-MVC/vendor/codeigniter4/framework/system/Database/BaseBuilder.php(1644): CodeIgniter\Database\BaseConnection->query()
#4 /home/dourado/Documentos/KAYROS-TECH-MVC/vendor/codeigniter4/framework/system/Model.php(330): CodeIgniter\Database\BaseBuilder->get()
#5 /home/dourado/Documentos/KAYROS-TECH-MVC/vendor/codeigniter4/framework/system/BaseModel.php(714): CodeIgniter\Model->doFirst()
#6 /home/dourado/Documentos/KAYROS-TECH-MVC/app/Models/UserModel.php(26): CodeIgniter\BaseModel->first()
#7 /home/dourado/Documentos/KAYROS-TECH-MVC/app/Controllers/LoginController.php(22): App\Models\UserModel->getUser()
#8 /home/dourado/Documentos/KAYROS-TECH-MVC/vendor/codeigniter4/framework/system/CodeIgniter.php(933): App\Controllers\LoginController->login()
#9 /home/dourado/Documentos/KAYROS-TECH-MVC/vendor/codeigniter4/framework/system/CodeIgniter.php(509): CodeIgniter\CodeIgniter->runController()
#10 /home/dourado/Documentos/KAYROS-TECH-MVC/vendor/codeigniter4/framework/system/CodeIgniter.php(355): CodeIgniter\CodeIgniter->handleRequest()
#11 /home/dourado/Documentos/KAYROS-TECH-MVC/vendor/codeigniter4/framework/system/Boot.php(325): CodeIgniter\CodeIgniter->run()
#12 /home/dourado/Documentos/KAYROS-TECH-MVC/vendor/codeigniter4/framework/system/Boot.php(67): CodeIgniter\Boot::runCodeIgniter()
#13 /home/dourado/Documentos/KAYROS-TECH-MVC/public/index.php(56): CodeIgniter\Boot::bootWeb()
#14 /home/dourado/Documentos/KAYROS-TECH-MVC/vendor/codeigniter4/framework/system/rewrite.php(44): require_once('...')
#15 {main}

Next CodeIgniter\Database\Exceptions\DatabaseException: Access denied for user '****'@'localhost' in /home/dourado/Documentos/KAYROS-TECH-MVC/vendor/codeigniter4/framework/system/Database/MySQLi/Connection.php:231
Stack trace:
#0 /home/dourado/Documentos/KAYROS-TECH-MVC/vendor/codeigniter4/framework/system/Database/BaseConnection.php(421): CodeIgniter\Database\MySQLi\Connection->connect()
#1 /home/dourado/Documentos/KAYROS-TECH-MVC/vendor/codeigniter4/framework/system/Database/BaseConnection.php(616): CodeIgniter\Database\BaseConnection->initialize()
#2 /home/dourado/Documentos/KAYROS-TECH-MVC/vendor/codeigniter4/framework/system/Database/BaseBuilder.php(1644): CodeIgniter\Database\BaseConnection->query()
#3 /home/dourado/Documentos/KAYROS-TECH-MVC/vendor/codeigniter4/framework/system/Model.php(330): CodeIgniter\Database\BaseBuilder->get()
#4 /home/dourado/Documentos/KAYROS-TECH-MVC/vendor/codeigniter4/framework/system/BaseModel.php(714): CodeIgniter\Model->doFirst()
#5 /home/dourado/Documentos/KAYROS-TECH-MVC/app/Models/UserModel.php(26): CodeIgniter\BaseModel->first()
#6 /home/dourado/Documentos/KAYROS-TECH-MVC/app/Controllers/LoginController.php(22): App\Models\UserModel->getUser()
#7 /home/dourado/Documentos/KAYROS-TECH-MVC/vendor/codeigniter4/framework/system/CodeIgniter.php(933): App\Controllers\LoginController->login()
#8 /home/dourado/Documentos/KAYROS-TECH-MVC/vendor/codeigniter4/framework/system/CodeIgniter.php(509): CodeIgniter\CodeIgniter->runController()
#9 /home/dourado/Documentos/KAYROS-TECH-MVC/vendor/codeigniter4/framework/system/CodeIgniter.php(355): CodeIgniter\CodeIgniter->handleRequest()
#10 /home/dourado/Documentos/KAYROS-TECH-MVC/vendor/codeigniter4/framework/system/Boot.php(325): CodeIgniter\CodeIgniter->run()
#11 /home/dourado/Documentos/KAYROS-TECH-MVC/vendor/codeigniter4/framework/system/Boot.php(67): CodeIgniter\Boot::runCodeIgniter()
#12 /home/dourado/Documentos/KAYROS-TECH-MVC/public/index.php(56): CodeIgniter\Boot::bootWeb()
#13 /home/dourado/Documentos/KAYROS-TECH-MVC/vendor/codeigniter4/framework/system/rewrite.php(44): require_once('...')
#14 {main}
CRITICAL - 2024-12-28 17:50:07 --> CodeIgniter\Database\Exceptions\DatabaseException: Unable to connect to the database.
Main connection [MySQLi]: Access denied for user '****'@'localhost'
[Method: POST, Route: login]
in SYSTEMPATH/Database/BaseConnection.php on line 467.
 1 SYSTEMPATH/Database/BaseConnection.php(616): CodeIgniter\Database\BaseConnection->initialize()
 2 SYSTEMPATH/Database/BaseBuilder.php(1644): CodeIgniter\Database\BaseConnection->query()
 3 SYSTEMPATH/Model.php(330): CodeIgniter\Database\BaseBuilder->get()
 4 SYSTEMPATH/BaseModel.php(714): CodeIgniter\Model->doFirst()
 5 APPPATH/Models/UserModel.php(26): CodeIgniter\BaseModel->first()
 6 APPPATH/Controllers/LoginController.php(22): App\Models\UserModel->getUser()
 7 SYSTEMPATH/CodeIgniter.php(933): App\Controllers\LoginController->login()
 8 SYSTEMPATH/CodeIgniter.php(509): CodeIgniter\CodeIgniter->runController()
 9 SYSTEMPATH/CodeIgniter.php(355): CodeIgniter\CodeIgniter->handleRequest()
10 SYSTEMPATH/Boot.php(325): CodeIgniter\CodeIgniter->run()
11 SYSTEMPATH/Boot.php(67): CodeIgniter\Boot::runCodeIgniter()
12 FCPATH/index.php(56): CodeIgniter\Boot::bootWeb()
13 SYSTEMPATH/rewrite.php(44): require_once('/home/dourado/Documentos/KAYROS-TECH-MVC/public/index.php')
ERROR - 2024-12-28 17:55:28 --> Error connecting to the database: mysqli_sql_exception: Access denied for user 'root'@'localhost' in /home/dourado/Documentos/KAYROS-TECH-MVC/vendor/codeigniter4/framework/system/Database/MySQLi/Connection.php:186
Stack trace:
#0 /home/dourado/Documentos/KAYROS-TECH-MVC/vendor/codeigniter4/framework/system/Database/MySQLi/Connection.php(186): mysqli->real_connect()
#1 /home/dourado/Documentos/KAYROS-TECH-MVC/vendor/codeigniter4/framework/system/Database/BaseConnection.php(421): CodeIgniter\Database\MySQLi\Connection->connect()
#2 /home/dourado/Documentos/KAYROS-TECH-MVC/vendor/codeigniter4/framework/system/Database/BaseConnection.php(616): CodeIgniter\Database\BaseConnection->initialize()
#3 /home/dourado/Documentos/KAYROS-TECH-MVC/vendor/codeigniter4/framework/system/Database/BaseBuilder.php(1644): CodeIgniter\Database\BaseConnection->query()
#4 /home/dourado/Documentos/KAYROS-TECH-MVC/vendor/codeigniter4/framework/system/Model.php(330): CodeIgniter\Database\BaseBuilder->get()
#5 /home/dourado/Documentos/KAYROS-TECH-MVC/vendor/codeigniter4/framework/system/BaseModel.php(714): CodeIgniter\Model->doFirst()
#6 /home/dourado/Documentos/KAYROS-TECH-MVC/app/Models/UserModel.php(26): CodeIgniter\BaseModel->first()
#7 /home/dourado/Documentos/KAYROS-TECH-MVC/app/Controllers/LoginController.php(22): App\Models\UserModel->getUser()
#8 /home/dourado/Documentos/KAYROS-TECH-MVC/vendor/codeigniter4/framework/system/CodeIgniter.php(933): App\Controllers\LoginController->login()
#9 /home/dourado/Documentos/KAYROS-TECH-MVC/vendor/codeigniter4/framework/system/CodeIgniter.php(509): CodeIgniter\CodeIgniter->runController()
#10 /home/dourado/Documentos/KAYROS-TECH-MVC/vendor/codeigniter4/framework/system/CodeIgniter.php(355): CodeIgniter\CodeIgniter->handleRequest()
#11 /home/dourado/Documentos/KAYROS-TECH-MVC/vendor/codeigniter4/framework/system/Boot.php(325): CodeIgniter\CodeIgniter->run()
#12 /home/dourado/Documentos/KAYROS-TECH-MVC/vendor/codeigniter4/framework/system/Boot.php(67): CodeIgniter\Boot::runCodeIgniter()
#13 /home/dourado/Documentos/KAYROS-TECH-MVC/public/index.php(56): CodeIgniter\Boot::bootWeb()
#14 /home/dourado/Documentos/KAYROS-TECH-MVC/vendor/codeigniter4/framework/system/rewrite.php(44): require_once('...')
#15 {main}

Next CodeIgniter\Database\Exceptions\DatabaseException: Access denied for user '****'@'localhost' in /home/dourado/Documentos/KAYROS-TECH-MVC/vendor/codeigniter4/framework/system/Database/MySQLi/Connection.php:231
Stack trace:
#0 /home/dourado/Documentos/KAYROS-TECH-MVC/vendor/codeigniter4/framework/system/Database/BaseConnection.php(421): CodeIgniter\Database\MySQLi\Connection->connect()
#1 /home/dourado/Documentos/KAYROS-TECH-MVC/vendor/codeigniter4/framework/system/Database/BaseConnection.php(616): CodeIgniter\Database\BaseConnection->initialize()
#2 /home/dourado/Documentos/KAYROS-TECH-MVC/vendor/codeigniter4/framework/system/Database/BaseBuilder.php(1644): CodeIgniter\Database\BaseConnection->query()
#3 /home/dourado/Documentos/KAYROS-TECH-MVC/vendor/codeigniter4/framework/system/Model.php(330): CodeIgniter\Database\BaseBuilder->get()
#4 /home/dourado/Documentos/KAYROS-TECH-MVC/vendor/codeigniter4/framework/system/BaseModel.php(714): CodeIgniter\Model->doFirst()
#5 /home/dourado/Documentos/KAYROS-TECH-MVC/app/Models/UserModel.php(26): CodeIgniter\BaseModel->first()
#6 /home/dourado/Documentos/KAYROS-TECH-MVC/app/Controllers/LoginController.php(22): App\Models\UserModel->getUser()
#7 /home/dourado/Documentos/KAYROS-TECH-MVC/vendor/codeigniter4/framework/system/CodeIgniter.php(933): App\Controllers\LoginController->login()
#8 /home/dourado/Documentos/KAYROS-TECH-MVC/vendor/codeigniter4/framework/system/CodeIgniter.php(509): CodeIgniter\CodeIgniter->runController()
#9 /home/dourado/Documentos/KAYROS-TECH-MVC/vendor/codeigniter4/framework/system/CodeIgniter.php(355): CodeIgniter\CodeIgniter->handleRequest()
#10 /home/dourado/Documentos/KAYROS-TECH-MVC/vendor/codeigniter4/framework/system/Boot.php(325): CodeIgniter\CodeIgniter->run()
#11 /home/dourado/Documentos/KAYROS-TECH-MVC/vendor/codeigniter4/framework/system/Boot.php(67): CodeIgniter\Boot::runCodeIgniter()
#12 /home/dourado/Documentos/KAYROS-TECH-MVC/public/index.php(56): CodeIgniter\Boot::bootWeb()
#13 /home/dourado/Documentos/KAYROS-TECH-MVC/vendor/codeigniter4/framework/system/rewrite.php(44): require_once('...')
#14 {main}
CRITICAL - 2024-12-28 17:55:28 --> CodeIgniter\Database\Exceptions\DatabaseException: Unable to connect to the database.
Main connection [MySQLi]: Access denied for user '****'@'localhost'
[Method: POST, Route: login]
in SYSTEMPATH/Database/BaseConnection.php on line 467.
 1 SYSTEMPATH/Database/BaseConnection.php(616): CodeIgniter\Database\BaseConnection->initialize()
 2 SYSTEMPATH/Database/BaseBuilder.php(1644): CodeIgniter\Database\BaseConnection->query()
 3 SYSTEMPATH/Model.php(330): CodeIgniter\Database\BaseBuilder->get()
 4 SYSTEMPATH/BaseModel.php(714): CodeIgniter\Model->doFirst()
 5 APPPATH/Models/UserModel.php(26): CodeIgniter\BaseModel->first()
 6 APPPATH/Controllers/LoginController.php(22): App\Models\UserModel->getUser()
 7 SYSTEMPATH/CodeIgniter.php(933): App\Controllers\LoginController->login()
 8 SYSTEMPATH/CodeIgniter.php(509): CodeIgniter\CodeIgniter->runController()
 9 SYSTEMPATH/CodeIgniter.php(355): CodeIgniter\CodeIgniter->handleRequest()
10 SYSTEMPATH/Boot.php(325): CodeIgniter\CodeIgniter->run()
11 SYSTEMPATH/Boot.php(67): CodeIgniter\Boot::runCodeIgniter()
12 FCPATH/index.php(56): CodeIgniter\Boot::bootWeb()
13 SYSTEMPATH/rewrite.php(44): require_once('/home/dourado/Documentos/KAYROS-TECH-MVC/public/index.php')
INFO - 2024-12-28 17:55:32 --> Session: Class initialized using 'CodeIgniter\Session\Handlers\FileHandler' driver.
INFO - 2024-12-28 17:56:02 --> Session: Class initialized using 'CodeIgniter\Session\Handlers\FileHandler' driver.
INFO - 2024-12-28 17:56:06 --> Session: Class initialized using 'CodeIgniter\Session\Handlers\FileHandler' driver.
INFO - 2024-12-28 17:57:28 --> Session: Class initialized using 'CodeIgniter\Session\Handlers\FileHandler' driver.
INFO - 2024-12-28 17:57:38 --> Session: Class initialized using 'CodeIgniter\Session\Handlers\FileHandler' driver.
INFO - 2024-12-28 17:58:35 --> Session: Class initialized using 'CodeIgniter\Session\Handlers\FileHandler' driver.
INFO - 2024-12-28 17:58:42 --> Session: Class initialized using 'CodeIgniter\Session\Handlers\FileHandler' driver.
INFO - 2024-12-28 17:59:13 --> Session: Class initialized using 'CodeIgniter\Session\Handlers\FileHandler' driver.
INFO - 2024-12-28 18:00:07 --> Session: Class initialized using 'CodeIgniter\Session\Handlers\FileHandler' driver.
INFO - 2024-12-28 18:00:30 --> Session: Class initialized using 'CodeIgniter\Session\Handlers\FileHandler' driver.
INFO - 2024-12-28 18:00:30 --> Session: Class initialized using 'CodeIgniter\Session\Handlers\FileHandler' driver.
INFO - 2024-12-28 18:00:36 --> Session: Class initialized using 'CodeIgniter\Session\Handlers\FileHandler' driver.
INFO - 2024-12-28 18:00:37 --> Session: Class initialized using 'CodeIgniter\Session\Handlers\FileHandler' driver.
INFO - 2024-12-28 18:00:39 --> Session: Class initialized using 'CodeIgniter\Session\Handlers\FileHandler' driver.
INFO - 2024-12-28 18:00:43 --> Session: Class initialized using 'CodeIgniter\Session\Handlers\FileHandler' driver.
INFO - 2024-12-28 18:00:43 --> Session: Class initialized using 'CodeIgniter\Session\Handlers\FileHandler' driver.
